<?xml version="1.0" encoding="UTF-8"?>
<!-- Generated by org.testng.reporters.JUnitReportReporter -->
<testsuite hostname="PNGD1375" name="test.Test99GuruLoginWithPageFactory" tests="1" failures="0" timestamp="30 Jan 2019 12:25:09 GMT" time="4.304" errors="0">
  <testcase name="test_Home_Page_Appear_Correct" time="4.304" classname="test.Test99GuruLoginWithPageFactory"/>
</testsuite> <!-- test.Test99GuruLoginWithPageFactory -->
