<?xml version="1.0" encoding="UTF-8"?>
<!-- Generated by org.testng.reporters.JUnitReportReporter -->
<testsuite hostname="PNGD1375" name="test.TestGuru99Login" tests="1" failures="0" timestamp="30 Jan 2019 10:50:19 GMT" time="5.667" errors="0">
  <testcase name="test_Home_Page_Appear_Correct" time="5.667" classname="test.TestGuru99Login"/>
</testsuite> <!-- test.TestGuru99Login -->
